# JRE version: Java(TM) SE Runtime Environment (8.0_221-b11) (build 1.8.0_221-b11)
# Java VM: Java HotSpot(TM) 64-Bit Server VM (25.221-b11 mixed mode windows-amd64 compressed oops)
Heap:
 def new generation   total 8640K, used 1273K [0x00000000e4000000, 0x00000000e4950000, 0x00000000ed550000)
  eden space 7744K,   9% used [0x00000000e4000000, 0x00000000e40ae9a0, 0x00000000e4790000)
  from space 896K,  64% used [0x00000000e4790000, 0x00000000e481fc60, 0x00000000e4870000)
  to   space 896K,   0% used [0x00000000e4870000, 0x00000000e4870000, 0x00000000e4950000)
 tenured generation   total 19136K, used 7996K [0x00000000ed550000, 0x00000000ee800000, 0x0000000100000000)
   the space 19136K,  41% used [0x00000000ed550000, 0x00000000edd1f150, 0x00000000edd1f200, 0x00000000ee800000)
 Metaspace       used 20406K, capacity 21026K, committed 21248K, reserved 1067008K
  class space    used 2782K, capacity 2954K, committed 3072K, reserved 1048576K
GC Heap History (10 events):
Event: 43.028 GC heap before
{Heap before GC invocations=19 (full 0):
 def new generation   total 8640K, used 7838K [0x00000000e4000000, 0x00000000e4950000, 0x00000000ed550000)
  eden space 7744K,  99% used [0x00000000e4000000, 0x00000000e47811b0, 0x00000000e4790000)
  from space 896K,  17% used [0x00000000e4870000, 0x00000000e4896948, 0x00000000e4950000)
  to   space 896K,   0% used [0x00000000e4790000, 0x00000000e4790000, 0x00000000e4870000)
 tenured generation   total 19136K, used 7008K [0x00000000ed550000, 0x00000000ee800000, 0x0000000100000000)
   the space 19136K,  36% used [0x00000000ed550000, 0x00000000edc283c8, 0x00000000edc28400, 0x00000000ee800000)
 Metaspace       used 17964K, capacity 18522K, committed 18560K, reserved 1064960K
  class space    used 2478K, capacity 2654K, committed 2688K, reserved 1048576K
Event: 43.029 GC heap after
Heap after GC invocations=20 (full 0):
 def new generation   total 8640K, used 163K [0x00000000e4000000, 0x00000000e4950000, 0x00000000ed550000)
  eden space 7744K,   0% used [0x00000000e4000000, 0x00000000e4000000, 0x00000000e4790000)
  from space 896K,  18% used [0x00000000e4790000, 0x00000000e47b8e30, 0x00000000e4870000)
  to   space 896K,   0% used [0x00000000e4870000, 0x00000000e4870000, 0x00000000e4950000)
 tenured generation   total 19136K, used 7008K [0x00000000ed550000, 0x00000000ee800000, 0x0000000100000000)
   the space 19136K,  36% used [0x00000000ed550000, 0x00000000edc283c8, 0x00000000edc28400, 0x00000000ee800000)
 Metaspace       used 17964K, capacity 18522K, committed 18560K, reserved 1064960K
  class space    used 2478K, capacity 2654K, committed 2688K, reserved 1048576K
}
Event: 43.871 GC heap before
{Heap before GC invocations=20 (full 0):
 def new generation   total 8640K, used 7907K [0x00000000e4000000, 0x00000000e4950000, 0x00000000ed550000)
  eden space 7744K, 100% used [0x00000000e4000000, 0x00000000e4790000, 0x00000000e4790000)
  from space 896K,  18% used [0x00000000e4790000, 0x00000000e47b8e30, 0x00000000e4870000)
  to   space 896K,   0% used [0x00000000e4870000, 0x00000000e4870000, 0x00000000e4950000)
 tenured generation   total 19136K, used 7008K [0x00000000ed550000, 0x00000000ee800000, 0x0000000100000000)
   the space 19136K,  36% used [0x00000000ed550000, 0x00000000edc283c8, 0x00000000edc28400, 0x00000000ee800000)
 Metaspace       used 18763K, capacity 19354K, committed 19456K, reserved 1067008K
  class space    used 2549K, capacity 2718K, committed 2816K, reserved 1048576K
Event: 43.873 GC heap after
Heap after GC invocations=21 (full 0):
 def new generation   total 8640K, used 891K [0x00000000e4000000, 0x00000000e4950000, 0x00000000ed550000)
  eden space 7744K,   0% used [0x00000000e4000000, 0x00000000e4000000, 0x00000000e4790000)
  from space 896K,  99% used [0x00000000e4870000, 0x00000000e494ecf0, 0x00000000e4950000)
  to   space 896K,   0% used [0x00000000e4790000, 0x00000000e4790000, 0x00000000e4870000)
 tenured generation   total 19136K, used 7062K [0x00000000ed550000, 0x00000000ee800000, 0x0000000100000000)
   the space 19136K,  36% used [0x00000000ed550000, 0x00000000edc35818, 0x00000000edc35a00, 0x00000000ee800000)
 Metaspace       used 18763K, capacity 19354K, committed 19456K, reserved 1067008K
  class space    used 2549K, capacity 2718K, committed 2816K, reserved 1048576K
}
Event: 44.378 GC heap before
{Heap before GC invocations=21 (full 0):
 def new generation   total 8640K, used 8635K [0x00000000e4000000, 0x00000000e4950000, 0x00000000ed550000)
  eden space 7744K, 100% used [0x00000000e4000000, 0x00000000e4790000, 0x00000000e4790000)
  from space 896K,  99% used [0x00000000e4870000, 0x00000000e494ecf0, 0x00000000e4950000)
  to   space 896K,   0% used [0x00000000e4790000, 0x00000000e4790000, 0x00000000e4870000)
 tenured generation   total 19136K, used 7062K [0x00000000ed550000, 0x00000000ee800000, 0x0000000100000000)
   the space 19136K,  36% used [0x00000000ed550000, 0x00000000edc35818, 0x00000000edc35a00, 0x00000000ee800000)
 Metaspace       used 19627K, capacity 20154K, committed 20224K, reserved 1067008K
  class space    used 2655K, capacity 2814K, committed 2816K, reserved 1048576K
Event: 44.383 GC heap after
Heap after GC invocations=22 (full 0):
 def new generation   total 8640K, used 895K [0x00000000e4000000, 0x00000000e4950000, 0x00000000ed550000)
  eden space 7744K,   0% used [0x00000000e4000000, 0x00000000e4000000, 0x00000000e4790000)
  from space 896K,  99% used [0x00000000e4790000, 0x00000000e486fff8, 0x00000000e4870000)
  to   space 896K,   0% used [0x00000000e4870000, 0x00000000e4870000, 0x00000000e4950000)
 tenured generation   total 19136K, used 7539K [0x00000000ed550000, 0x00000000ee800000, 0x0000000100000000)
   the space 19136K,  39% used [0x00000000ed550000, 0x00000000edcacf30, 0x00000000edcad000, 0x00000000ee800000)
 Metaspace       used 19627K, capacity 20154K, committed 20224K, reserved 1067008K
  class space    used 2655K, capacity 2814K, committed 2816K, reserved 1048576K
}
Event: 44.848 GC heap before
{Heap before GC invocations=22 (full 0):
 def new generation   total 8640K, used 8639K [0x00000000e4000000, 0x00000000e4950000, 0x00000000ed550000)
  eden space 7744K, 100% used [0x00000000e4000000, 0x00000000e4790000, 0x00000000e4790000)
  from space 896K,  99% used [0x00000000e4790000, 0x00000000e486fff8, 0x00000000e4870000)
  to   space 896K,   0% used [0x00000000e4870000, 0x00000000e4870000, 0x00000000e4950000)
 tenured generation   total 19136K, used 7539K [0x00000000ed550000, 0x00000000ee800000, 0x0000000100000000)
   the space 19136K,  39% used [0x00000000ed550000, 0x00000000edcacf30, 0x00000000edcad000, 0x00000000ee800000)
 Metaspace       used 20245K, capacity 20842K, committed 21120K, reserved 1067008K
  class space    used 2755K, capacity 2918K, committed 2944K, reserved 1048576K
Event: 44.854 GC heap after
Heap after GC invocations=23 (full 0):
 def new generation   total 8640K, used 890K [0x00000000e4000000, 0x00000000e4950000, 0x00000000ed550000)
  eden space 7744K,   0% used [0x00000000e4000000, 0x00000000e4000000, 0x00000000e4790000)
  from space 896K,  99% used [0x00000000e4870000, 0x00000000e494e808, 0x00000000e4950000)
  to   space 896K,   0% used [0x00000000e4790000, 0x00000000e4790000, 0x00000000e4870000)
 tenured generation   total 19136K, used 7719K [0x00000000ed550000, 0x00000000ee800000, 0x0000000100000000)
   the space 19136K,  40% used [0x00000000ed550000, 0x00000000edcd9fd0, 0x00000000edcda000, 0x00000000ee800000)
 Metaspace       used 20245K, capacity 20842K, committed 21120K, reserved 1067008K
  class space    used 2755K, capacity 2918K, committed 2944K, reserved 1048576K
}
Event: 45.443 GC heap before
{Heap before GC invocations=23 (full 0):
 def new generation   total 8640K, used 8634K [0x00000000e4000000, 0x00000000e4950000, 0x00000000ed550000)
  eden space 7744K, 100% used [0x00000000e4000000, 0x00000000e4790000, 0x00000000e4790000)
  from space 896K,  99% used [0x00000000e4870000, 0x00000000e494e808, 0x00000000e4950000)
  to   space 896K,   0% used [0x00000000e4790000, 0x00000000e4790000, 0x00000000e4870000)
 tenured generation   total 19136K, used 7719K [0x00000000ed550000, 0x00000000ee800000, 0x0000000100000000)
   the space 19136K,  40% used [0x00000000ed550000, 0x00000000edcd9fd0, 0x00000000edcda000, 0x00000000ee800000)
 Metaspace       used 20398K, capacity 21026K, committed 21248K, reserved 1067008K
  class space    used 2780K, capacity 2954K, committed 3072K, reserved 1048576K
Event: 45.449 GC heap after
Heap after GC invocations=24 (full 0):
 def new generation   total 8640K, used 575K [0x00000000e4000000, 0x00000000e4950000, 0x00000000ed550000)
  eden space 7744K,   0% used [0x00000000e4000000, 0x00000000e4000000, 0x00000000e4790000)
  from space 896K,  64% used [0x00000000e4790000, 0x00000000e481fc60, 0x00000000e4870000)
  to   space 896K,   0% used [0x00000000e4870000, 0x00000000e4870000, 0x00000000e4950000)
 tenured generation   total 19136K, used 7996K [0x00000000ed550000, 0x00000000ee800000, 0x0000000100000000)
   the space 19136K,  41% used [0x00000000ed550000, 0x00000000edd1f150, 0x00000000edd1f200, 0x00000000ee800000)
 Metaspace       used 20398K, capacity 21026K, committed 21248K, reserved 1067008K
  class space    used 2780K, capacity 2954K, committed 3072K, reserved 1048576K
}

